<?xml version="1.0" encoding="utf-8"?><testsuites name="pytest tests"><testsuite name="pytest" errors="0" failures="0" skipped="0" tests="21" time="5.262" timestamp="2026-06-25T11:27:42.258698+00:00" hostname="agent-env-a9c210c0-6dd7-41fb-82a1-c063cb6887f8"><testcase classname="backend.tests.test_page_content.TestSeed" name="test_seed_page_content" time="0.762" /><testcase classname="backend.tests.test_page_content.TestPublicGet" name="test_get_weddings" time="0.099" /><testcase classname="backend.tests.test_page_content.TestPublicGet" name="test_get_unknown_slug" time="0.102" /><testcase classname="backend.tests.test_page_content.TestPublicGet" name="test_inactive_returns_404" time="0.468" /><testcase classname="backend.tests.test_page_content.TestAdmin" name="test_list_requires_auth" time="0.105" /><testcase classname="backend.tests.test_page_content.TestAdmin" name="test_list_with_admin" time="0.134" /><testcase classname="backend.tests.test_page_content.TestAdmin" name="test_create_duplicate_slug_fails" time="0.566" /><testcase classname="backend.tests.test_page_content.TestAdmin" name="test_create_new_slug" time="0.350" /><testcase classname="backend.tests.test_page_content.TestAdmin" name="test_put_updates_weddings_and_persists" time="0.564" /><testcase classname="backend.tests.test_page_content.TestAdmin" name="test_put_upserts_when_missing" time="0.324" /><testcase classname="backend.tests.test_page_content.TestAdmin" name="test_delete_missing_404" time="0.100" /><testcase classname="backend.tests.test_page_content.TestWhatsApp" name="test_settings_whatsapp_number_present" time="0.131" /><testcase classname="backend.tests.test_page_content.TestWhatsApp" name="test_patch_whatsapp_number" time="0.411" /><testcase classname="backend.tests.test_page_content.TestRegression" name="test_workshops" time="0.101" /><testcase classname="backend.tests.test_page_content.TestRegression" name="test_products" time="0.118" /><testcase classname="backend.tests.test_page_content.TestRegression" name="test_cards" time="0.098" /><testcase classname="backend.tests.test_page_content.TestRegression" name="test_admin_portfolio" time="0.107" /><testcase classname="backend.tests.test_page_content.TestRegression" name="test_templates" time="0.099" /><testcase classname="backend.tests.test_page_content.TestRegression" name="test_seo" time="0.102" /><testcase classname="backend.tests.test_page_content.TestRegression" name="test_settings" time="0.098" /><testcase classname="backend.tests.test_page_content.TestRegression" name="test_admin_login" time="0.326" /></testsuite></testsuites>