<?xml version="1.0" encoding="utf-8"?><testsuites name="pytest tests"><testsuite name="pytest" errors="0" failures="0" skipped="0" tests="24" time="1.995" timestamp="2026-06-25T14:24:21.301960+00:00" hostname="agent-env-a9c210c0-6dd7-41fb-82a1-c063cb6887f8"><testcase classname="backend.tests.test_iteration_12.TestBackendHealth" name="test_products" time="0.247" /><testcase classname="backend.tests.test_iteration_12.TestBackendHealth" name="test_portfolio" time="0.054" /><testcase classname="backend.tests.test_iteration_12.TestBackendHealth" name="test_categories" time="0.063" /><testcase classname="backend.tests.test_iteration_12.TestBackendHealth" name="test_settings" time="0.051" /><testcase classname="backend.tests.test_iteration_12.TestBackendHealth" name="test_cards" time="0.048" /><testcase classname="backend.tests.test_iteration_12.TestBackendHealth" name="test_addons" time="0.052" /><testcase classname="backend.tests.test_iteration_12.TestBackendHealth" name="test_boxes" time="0.050" /><testcase classname="backend.tests.test_iteration_12.TestBackendHealth" name="test_workshops" time="0.052" /><testcase classname="backend.tests.test_iteration_12.TestBackendHealth" name="test_templates" time="0.047" /><testcase classname="backend.tests.test_iteration_12.TestBackendHealth" name="test_page_content_weddings" time="0.051" /><testcase classname="backend.tests.test_iteration_12" name="test_page_content_all_slugs[weddings]" time="0.056" /><testcase classname="backend.tests.test_iteration_12" name="test_page_content_all_slugs[sympathy]" time="0.048" /><testcase classname="backend.tests.test_iteration_12" name="test_page_content_all_slugs[corporate]" time="0.049" /><testcase classname="backend.tests.test_iteration_12" name="test_page_content_all_slugs[house-installs]" time="0.050" /><testcase classname="backend.tests.test_iteration_12" name="test_page_content_all_slugs[shop-front-installs]" time="0.053" /><testcase classname="backend.tests.test_iteration_12" name="test_page_content_all_slugs[film-tv-photoshoot]" time="0.049" /><testcase classname="backend.tests.test_iteration_12" name="test_page_content_all_slugs[in-shop-displays]" time="0.049" /><testcase classname="backend.tests.test_iteration_12" name="test_page_content_all_slugs[traveller-weddings]" time="0.047" /><testcase classname="backend.tests.test_iteration_12" name="test_page_content_all_slugs[traveller-funerals]" time="0.048" /><testcase classname="backend.tests.test_iteration_12" name="test_page_content_all_slugs[faith-weddings]" time="0.047" /><testcase classname="backend.tests.test_iteration_12.TestAdminAuth" name="test_admin_login_success" time="0.271" /><testcase classname="backend.tests.test_iteration_12.TestAdminAuth" name="test_admin_login_wrong_password" time="0.267" /><testcase classname="backend.tests.test_iteration_12.TestAdminEndpoints" name="test_admin_portfolio_list" time="0.056" /><testcase classname="backend.tests.test_iteration_12.TestAdminEndpoints" name="test_admin_page_content_round_trip_weddings" time="0.100" /></testsuite></testsuites>