<?xml version="1.0" encoding="utf-8"?><testsuites name="pytest tests"><testsuite name="pytest" errors="0" failures="0" skipped="0" tests="16" time="2.273" timestamp="2026-06-25T14:12:40.521877+00:00" hostname="agent-env-a9c210c0-6dd7-41fb-82a1-c063cb6887f8"><testcase classname="backend.tests.test_iteration_11.TestFaithWeddingsGet" name="test_faith_weddings_returns_extra_traditions_with_6_items" time="0.252" /><testcase classname="backend.tests.test_iteration_11.TestFaithWeddingsGet" name="test_each_tradition_has_required_fields" time="0.050" /><testcase classname="backend.tests.test_iteration_11.TestFaithWeddingsGet" name="test_faith_tradition_ids_match_spec" time="0.052" /><testcase classname="backend.tests.test_iteration_11.TestTravellerFuneralsGet" name="test_traveller_funerals_has_extra_fields" time="0.048" /><testcase classname="backend.tests.test_iteration_11.TestTravellerFuneralsGet" name="test_letter_tributes_4_items" time="0.061" /><testcase classname="backend.tests.test_iteration_11.TestTravellerFuneralsGet" name="test_bespoke_builds_6_items" time="0.047" /><testcase classname="backend.tests.test_iteration_11.TestTravellerFuneralsGet" name="test_classic_tributes_12_items" time="0.049" /><testcase classname="backend.tests.test_iteration_11.TestTravellerFuneralsGet" name="test_traveller_funerals_hero_fields" time="0.046" /><testcase classname="backend.tests.test_iteration_11.TestExtraRoundTrip" name="test_put_faith_weddings_round_trip_palette" time="0.553" /><testcase classname="backend.tests.test_iteration_11.TestExtraRoundTrip" name="test_put_traveller_funerals_round_trip" time="0.193" /><testcase classname="backend.tests.test_iteration_11.TestSeedReset" name="test_seed_reset_reseeds_10_pages" time="0.047" /><testcase classname="backend.tests.test_iteration_11.TestSeedReset" name="test_all_10_slugs_present" time="0.514" /><testcase classname="backend.tests.test_iteration_11.TestSeedReset" name="test_faith_after_reset_still_has_extra" time="0.050" /><testcase classname="backend.tests.test_iteration_11.TestSeedReset" name="test_traveller_funerals_after_reset_still_has_extra" time="0.060" /><testcase classname="backend.tests.test_iteration_11.TestStandardTierRegression" name="test_put_weddings_tiers_round_trip" time="0.137" /><testcase classname="backend.tests.test_iteration_11.TestStandardTierRegression" name="test_seed_idempotent_no_reset" time="0.047" /></testsuite></testsuites>