<?xml version="1.0" encoding="utf-8"?><testsuites name="pytest tests"><testsuite name="pytest" errors="0" failures="0" skipped="0" tests="19" time="2.860" timestamp="2026-06-25T13:33:04.105695+00:00" hostname="agent-env-a9c210c0-6dd7-41fb-82a1-c063cb6887f8"><testcase classname="backend.tests.test_iteration_10.TestCategoriesAggregation" name="test_categories_have_product_count" time="0.122" /><testcase classname="backend.tests.test_iteration_10.TestCategoriesAggregation" name="test_product_count_matches_products_grouping" time="0.251" /><testcase classname="backend.tests.test_iteration_10.TestPageContentReseed" name="test_reset_seed_returns_10_10" time="0.437" /><testcase classname="backend.tests.test_iteration_10.TestTierContent" name="test_shop_front_installs_tiers" time="0.103" /><testcase classname="backend.tests.test_iteration_10.TestTierContent" name="test_house_installs_tiers" time="0.119" /><testcase classname="backend.tests.test_iteration_10.TestTierContent" name="test_film_tv_photoshoot_tiers" time="0.103" /><testcase classname="backend.tests.test_iteration_10.TestTierContent" name="test_traveller_weddings_tiers" time="0.114" /><testcase classname="backend.tests.test_iteration_10.TestTierContent" name="test_in_shop_displays_tiers" time="0.107" /><testcase classname="backend.tests.test_iteration_10.TestTierContent" name="test_faith_weddings_still_available" time="0.113" /><testcase classname="backend.tests.test_iteration_10.TestTierContent" name="test_traveller_funerals_still_available" time="0.116" /><testcase classname="backend.tests.test_iteration_10.TestRegression" name="test_workshops_count" time="0.102" /><testcase classname="backend.tests.test_iteration_10.TestRegression" name="test_products_count" time="0.105" /><testcase classname="backend.tests.test_iteration_10.TestRegression" name="test_cards_count" time="0.102" /><testcase classname="backend.tests.test_iteration_10.TestRegression" name="test_addons" time="0.105" /><testcase classname="backend.tests.test_iteration_10.TestRegression" name="test_templates_count" time="0.114" /><testcase classname="backend.tests.test_iteration_10.TestRegression" name="test_settings" time="0.106" /><testcase classname="backend.tests.test_iteration_10.TestRegression" name="test_seo_home" time="0.095" /><testcase classname="backend.tests.test_iteration_10.TestRegression" name="test_admin_portfolio_count" time="0.142" /><testcase classname="backend.tests.test_iteration_10.TestRegression" name="test_admin_login" time="0.322" /></testsuite></testsuites>