<?xml version="1.0" encoding="utf-8"?><testsuites name="pytest tests"><testsuite name="pytest" errors="0" failures="0" skipped="0" tests="26" time="3.722" timestamp="2026-04-30T13:50:43.654944+00:00" hostname="agent-env-a9c210c0-6dd7-41fb-82a1-c063cb6887f8"><testcase classname="backend.tests.backend_test.TestHealth" name="test_root" time="0.254" /><testcase classname="backend.tests.backend_test.TestSeed" name="test_seed_idempotent" time="0.059" /><testcase classname="backend.tests.backend_test.TestSeed" name="test_seed_reset_forces" time="0.055" /><testcase classname="backend.tests.backend_test.TestAuth" name="test_admin_login" time="0.280" /><testcase classname="backend.tests.backend_test.TestAuth" name="test_admin_login_invalid" time="0.280" /><testcase classname="backend.tests.backend_test.TestAuth" name="test_register_and_login" time="0.571" /><testcase classname="backend.tests.backend_test.TestAuth" name="test_duplicate_register" time="0.057" /><testcase classname="backend.tests.backend_test.TestCatalog" name="test_categories" time="0.062" /><testcase classname="backend.tests.backend_test.TestCatalog" name="test_products_list" time="0.073" /><testcase classname="backend.tests.backend_test.TestCatalog" name="test_products_featured" time="0.056" /><testcase classname="backend.tests.backend_test.TestCatalog" name="test_product_detail" time="0.108" /><testcase classname="backend.tests.backend_test.TestPortfolio" name="test_portfolio_list" time="0.067" /><testcase classname="backend.tests.backend_test.TestPortfolio" name="test_portfolio_categories_filter" time="0.269" /><testcase classname="backend.tests.backend_test.TestPortfolio" name="test_portfolio_item_detail" time="0.113" /><testcase classname="backend.tests.backend_test.TestPortfolio" name="test_portfolio_item_404" time="0.055" /><testcase classname="backend.tests.backend_test.TestInquiries" name="test_create_inquiry" time="0.059" /><testcase classname="backend.tests.backend_test.TestInquiries" name="test_admin_inquiries_requires_auth" time="0.055" /><testcase classname="backend.tests.backend_test.TestInquiries" name="test_admin_inquiries_list" time="0.332" /><testcase classname="backend.tests.backend_test.TestDelivery" name="test_delivery_options" time="0.059" /><testcase classname="backend.tests.backend_test.TestOrders" name="test_rejects_sunday" time="0.445" /><testcase classname="backend.tests.backend_test.TestOrders" name="test_rejects_too_soon" time="0.053" /><testcase classname="backend.tests.backend_test.TestOrders" name="test_create_order_standard_fee" time="0.049" /><testcase classname="backend.tests.backend_test.TestOrders" name="test_saturday_fee_applied" time="0.053" /><testcase classname="backend.tests.backend_test.TestAdmin" name="test_admin_stats" time="0.054" /><testcase classname="backend.tests.backend_test.TestAdmin" name="test_admin_stats_requires_admin" time="0.054" /><testcase classname="backend.tests.backend_test.TestAdmin" name="test_admin_orders_list" time="0.050" /></testsuite></testsuites>