<?xml version="1.0" encoding="utf-8"?><testsuites name="pytest tests"><testsuite name="pytest" errors="0" failures="1" skipped="0" tests="21" time="2.245" timestamp="2026-06-25T11:05:46.612908+00:00" hostname="agent-env-a9c210c0-6dd7-41fb-82a1-c063cb6887f8"><testcase classname="backend.tests.test_rebrand_portfolio.TestRebrandSettingsSEO" name="test_settings_site_name" time="0.237" /><testcase classname="backend.tests.test_rebrand_portfolio.TestRebrandSettingsSEO" name="test_seo_home" time="0.047" /><testcase classname="backend.tests.test_rebrand_portfolio.TestPublicPayloadsClean" name="test_no_forbidden_strings[/products]" time="0.046"><failure message="AssertionError: next-day/tomorrow/same-week found in /products: ['next-day']&#10;assert not ['next-day']">backend/tests/test_rebrand_portfolio.py:97: in test_no_forbidden_strings
    assert not bad_delivery, f"next-day/tomorrow/same-week found in {path}: {bad_delivery[:5]}"
E   AssertionError: next-day/tomorrow/same-week found in /products: ['next-day']
E   assert not ['next-day']</failure></testcase><testcase classname="backend.tests.test_rebrand_portfolio.TestPublicPayloadsClean" name="test_no_forbidden_strings[/cards]" time="0.048" /><testcase classname="backend.tests.test_rebrand_portfolio.TestPublicPayloadsClean" name="test_no_forbidden_strings[/boxes]" time="0.042" /><testcase classname="backend.tests.test_rebrand_portfolio.TestPublicPayloadsClean" name="test_no_forbidden_strings[/addons]" time="0.043" /><testcase classname="backend.tests.test_rebrand_portfolio.TestPublicPayloadsClean" name="test_no_forbidden_strings[/portfolio]" time="0.049" /><testcase classname="backend.tests.test_rebrand_portfolio.TestAdminPortfolioCRUD" name="test_requires_auth" time="0.093" /><testcase classname="backend.tests.test_rebrand_portfolio.TestAdminPortfolioCRUD" name="test_list_seeded_items" time="0.315" /><testcase classname="backend.tests.test_rebrand_portfolio.TestAdminPortfolioCRUD" name="test_create_update_delete" time="0.279" /><testcase classname="backend.tests.test_rebrand_portfolio.TestAdminPortfolioCRUD" name="test_update_missing" time="0.044" /><testcase classname="backend.tests.test_rebrand_portfolio.TestImageUpload" name="test_upload_png" time="0.101" /><testcase classname="backend.tests.test_rebrand_portfolio.TestImageUpload" name="test_upload_rejects_bad_type" time="0.100" /><testcase classname="backend.tests.test_rebrand_portfolio.TestRegression" name="test_workshops_count" time="0.044" /><testcase classname="backend.tests.test_rebrand_portfolio.TestRegression" name="test_products_count" time="0.045" /><testcase classname="backend.tests.test_rebrand_portfolio.TestRegression" name="test_cards_count" time="0.043" /><testcase classname="backend.tests.test_rebrand_portfolio.TestRegression" name="test_templates_count" time="0.047" /><testcase classname="backend.tests.test_rebrand_portfolio.TestRegression" name="test_boxes_present" time="0.044" /><testcase classname="backend.tests.test_rebrand_portfolio.TestRegression" name="test_portfolio_limited" time="0.048" /><testcase classname="backend.tests.test_rebrand_portfolio.TestRegression" name="test_admin_login" time="0.264" /><testcase classname="backend.tests.test_rebrand_portfolio.TestRegression" name="test_workshop_booking_deposit" time="0.146" /></testsuite></testsuites>