<?xml version="1.0" encoding="utf-8"?><testsuites name="pytest tests"><testsuite name="pytest" errors="0" failures="0" skipped="0" tests="21" time="2.916" timestamp="2026-06-24T10:19:28.144444+00:00" hostname="agent-env-a9c210c0-6dd7-41fb-82a1-c063cb6887f8"><testcase classname="backend.tests.test_workshops.TestPublicWorkshops" name="test_list_workshops_three_seeded" time="0.194" /><testcase classname="backend.tests.test_workshops.TestPublicWorkshops" name="test_workshop_detail_by_slug" time="0.048" /><testcase classname="backend.tests.test_workshops.TestPublicWorkshops" name="test_workshop_detail_unknown_slug" time="0.052" /><testcase classname="backend.tests.test_workshops.TestPublicWorkshops" name="test_workshop_sessions_by_slug" time="0.044" /><testcase classname="backend.tests.test_workshops.TestWorkshopBookings" name="test_deposit_2_guests_pricing" time="0.092" /><testcase classname="backend.tests.test_workshops.TestWorkshopBookings" name="test_full_payment_1_guest_5pct_discount" time="0.102" /><testcase classname="backend.tests.test_workshops.TestWorkshopBookings" name="test_oversell_rejected" time="0.453" /><testcase classname="backend.tests.test_workshops.TestWorkshopCheckout" name="test_checkout_session_returns_stripe_url" time="0.859" /><testcase classname="backend.tests.test_workshops.TestAdminAuthRequired" name="test_requires_admin[get-/admin/workshops-None]" time="0.041" /><testcase classname="backend.tests.test_workshops.TestAdminAuthRequired" name="test_requires_admin[post-/admin/workshops-body1]" time="0.042" /><testcase classname="backend.tests.test_workshops.TestAdminAuthRequired" name="test_requires_admin[get-/admin/workshop-sessions-None]" time="0.042" /><testcase classname="backend.tests.test_workshops.TestAdminAuthRequired" name="test_requires_admin[post-/admin/workshop-sessions-body3]" time="0.042" /><testcase classname="backend.tests.test_workshops.TestAdminAuthRequired" name="test_requires_admin[get-/admin/workshop-bookings-None]" time="0.042" /><testcase classname="backend.tests.test_workshops.TestAdminAuthRequired" name="test_requires_admin[post-/seed/workshops-None]" time="0.044" /><testcase classname="backend.tests.test_workshops.TestAdminCRUD" name="test_workshop_crud_with_session_blocking_delete" time="0.275" /><testcase classname="backend.tests.test_workshops.TestWebhookBranch" name="test_webhook_handler_contains_workshop_booking_branch" time="0.001" /><testcase classname="backend.tests.test_workshops.TestRegression" name="test_products" time="0.045" /><testcase classname="backend.tests.test_workshops.TestRegression" name="test_boxes" time="0.045" /><testcase classname="backend.tests.test_workshops.TestRegression" name="test_cards" time="0.045" /><testcase classname="backend.tests.test_workshops.TestRegression" name="test_templates" time="0.045" /><testcase classname="backend.tests.test_workshops.TestRegression" name="test_auth_login_admin" time="0.265" /></testsuite></testsuites>