<?xml version="1.0" encoding="utf-8"?><testsuites name="pytest tests"><testsuite name="pytest" errors="0" failures="0" skipped="0" tests="26" time="3.386" timestamp="2026-06-24T11:15:02.803869+00:00" hostname="agent-env-a9c210c0-6dd7-41fb-82a1-c063cb6887f8"><testcase classname="backend.tests.test_workshops.TestPublicWorkshops" name="test_list_workshops_four_seeded" time="0.149" /><testcase classname="backend.tests.test_workshops.TestPublicWorkshops" name="test_workshop_modes_split" time="0.053" /><testcase classname="backend.tests.test_workshops.TestPublicWorkshops" name="test_enquire_workshop_sessions_empty_but_200" time="0.091" /><testcase classname="backend.tests.test_workshops.TestPublicWorkshops" name="test_workshop_detail_by_slug" time="0.045" /><testcase classname="backend.tests.test_workshops.TestPublicWorkshops" name="test_workshop_detail_unknown_slug" time="0.046" /><testcase classname="backend.tests.test_workshops.TestPublicWorkshops" name="test_workshop_sessions_by_slug" time="0.045" /><testcase classname="backend.tests.test_workshops.TestEnquireAdminCRUD" name="test_create_enquire_then_flip_to_direct_roundtrip" time="0.496" /><testcase classname="backend.tests.test_workshops.TestWorkshopHostInquiry" name="test_post_inquiry_workshop_host_and_admin_lists_it" time="0.100" /><testcase classname="backend.tests.test_workshops.TestSeedRegression" name="test_seed_workshops_reset_true_creates_4_workshops_and_4_sessions" time="0.127" /><testcase classname="backend.tests.test_workshops.TestWorkshopBookings" name="test_deposit_2_guests_pricing" time="0.088" /><testcase classname="backend.tests.test_workshops.TestWorkshopBookings" name="test_full_payment_1_guest_5pct_discount" time="0.090" /><testcase classname="backend.tests.test_workshops.TestWorkshopBookings" name="test_oversell_rejected" time="0.183" /><testcase classname="backend.tests.test_workshops.TestWorkshopCheckout" name="test_checkout_session_returns_stripe_url" time="0.773" /><testcase classname="backend.tests.test_workshops.TestAdminAuthRequired" name="test_requires_admin[get-/admin/workshops-None]" time="0.045" /><testcase classname="backend.tests.test_workshops.TestAdminAuthRequired" name="test_requires_admin[post-/admin/workshops-body1]" time="0.045" /><testcase classname="backend.tests.test_workshops.TestAdminAuthRequired" name="test_requires_admin[get-/admin/workshop-sessions-None]" time="0.041" /><testcase classname="backend.tests.test_workshops.TestAdminAuthRequired" name="test_requires_admin[post-/admin/workshop-sessions-body3]" time="0.043" /><testcase classname="backend.tests.test_workshops.TestAdminAuthRequired" name="test_requires_admin[get-/admin/workshop-bookings-None]" time="0.050" /><testcase classname="backend.tests.test_workshops.TestAdminAuthRequired" name="test_requires_admin[post-/seed/workshops-None]" time="0.041" /><testcase classname="backend.tests.test_workshops.TestAdminCRUD" name="test_workshop_crud_with_session_blocking_delete" time="0.270" /><testcase classname="backend.tests.test_workshops.TestWebhookBranch" name="test_webhook_handler_contains_workshop_booking_branch" time="0.001" /><testcase classname="backend.tests.test_workshops.TestRegression" name="test_products" time="0.047" /><testcase classname="backend.tests.test_workshops.TestRegression" name="test_boxes" time="0.043" /><testcase classname="backend.tests.test_workshops.TestRegression" name="test_cards" time="0.047" /><testcase classname="backend.tests.test_workshops.TestRegression" name="test_templates" time="0.044" /><testcase classname="backend.tests.test_workshops.TestRegression" name="test_auth_login_admin" time="0.265" /></testsuite></testsuites>